{
  "RSpec": {
    "coverage": {
      "/Users/Honzor/Desktop/PROGRAMMING/rails-projects/monterail_BE_junior_developer_rails_ticketing_system/ticketing_system/spec/controllers/events_controller_spec.rb": [
        1,
        null,
        1,
        1,
        null,
        1,
        1,
        1,
        1,
        1,
        null,
        null,
        null,
        null,
        1,
        1,
        null,
        1,
        null,
        1,
        null,
        1,
        1,
        null,
        null,
        null,
        null,
        null,
        null
      ],
      "/Users/Honzor/Desktop/PROGRAMMING/rails-projects/monterail_BE_junior_developer_rails_ticketing_system/ticketing_system/spec/rails_helper.rb": [
        null,
        1,
        1,
        1,
        null,
        1,
        1,
        null,
        null,
        null,
        null,
        null,
        null,
        null,
        null,
        null,
        null,
        null,
        null,
        null,
        null,
        null,
        null,
        null,
        null,
        null,
        1,
        1,
        null,
        0,
        0,
        null,
        1,
        null,
        1,
        null,
        null,
        null,
        null,
        1,
        null,
        null,
        null,
        null,
        null,
        null,
        null,
        null,
        null,
        null,
        null,
        null,
        null,
        null,
        1,
        null,
        null,
        1,
        null,
        null,
        null
      ],
      "/Users/Honzor/Desktop/PROGRAMMING/rails-projects/monterail_BE_junior_developer_rails_ticketing_system/ticketing_system/config/environment.rb": [
        null,
        1,
        null,
        null,
        1
      ],
      "/Users/Honzor/Desktop/PROGRAMMING/rails-projects/monterail_BE_junior_developer_rails_ticketing_system/ticketing_system/config/application.rb": [
        1,
        null,
        1,
        null,
        1,
        1,
        1,
        1,
        1,
        1,
        1,
        1,
        1,
        null,
        null,
        null,
        null,
        1,
        null,
        1,
        1,
        null,
        1,
        null,
        null,
        null,
        null,
        null,
        null,
        null,
        1,
        null,
        null
      ],
      "/Users/Honzor/Desktop/PROGRAMMING/rails-projects/monterail_BE_junior_developer_rails_ticketing_system/ticketing_system/config/boot.rb": [
        1,
        null,
        1,
        1
      ],
      "/Users/Honzor/Desktop/PROGRAMMING/rails-projects/monterail_BE_junior_developer_rails_ticketing_system/ticketing_system/config/environments/test.rb": [
        1,
        null,
        null,
        null,
        null,
        null,
        null,
        1,
        null,
        null,
        null,
        null,
        1,
        null,
        null,
        1,
        1,
        null,
        null,
        null,
        null,
        1,
        1,
        null,
        null,
        1,
        null,
        null,
        1,
        null,
        null,
        1,
        null,
        1,
        null,
        null,
        null,
        null,
        1,
        null,
        null,
        1,
        null,
        null,
        null,
        null
      ],
      "/Users/Honzor/Desktop/PROGRAMMING/rails-projects/monterail_BE_junior_developer_rails_ticketing_system/ticketing_system/config/initializers/application_controller_renderer.rb": [
        null,
        null,
        null,
        null,
        null,
        null,
        null,
        null
      ],
      "/Users/Honzor/Desktop/PROGRAMMING/rails-projects/monterail_BE_junior_developer_rails_ticketing_system/ticketing_system/config/initializers/assets.rb": [
        null,
        null,
        null,
        1,
        null,
        null,
        null,
        null,
        1,
        null,
        null,
        null,
        null,
        null
      ],
      "/Users/Honzor/Desktop/PROGRAMMING/rails-projects/monterail_BE_junior_developer_rails_ticketing_system/ticketing_system/config/initializers/backtrace_silencers.rb": [
        null,
        null,
        null,
        null,
        null,
        null,
        null
      ],
      "/Users/Honzor/Desktop/PROGRAMMING/rails-projects/monterail_BE_junior_developer_rails_ticketing_system/ticketing_system/config/initializers/content_security_policy.rb": [
        null,
        null,
        null,
        null,
        null,
        null,
        null,
        null,
        null,
        null,
        null,
        null,
        null,
        null,
        null,
        null,
        null,
        null,
        null,
        null,
        null,
        null,
        null,
        null,
        null
      ],
      "/Users/Honzor/Desktop/PROGRAMMING/rails-projects/monterail_BE_junior_developer_rails_ticketing_system/ticketing_system/config/initializers/cookies_serializer.rb": [
        null,
        null,
        null,
        null,
        1
      ],
      "/Users/Honzor/Desktop/PROGRAMMING/rails-projects/monterail_BE_junior_developer_rails_ticketing_system/ticketing_system/config/initializers/filter_parameter_logging.rb": [
        null,
        null,
        null,
        1
      ],
      "/Users/Honzor/Desktop/PROGRAMMING/rails-projects/monterail_BE_junior_developer_rails_ticketing_system/ticketing_system/config/initializers/inflections.rb": [
        null,
        null,
        null,
        null,
        null,
        null,
        null,
        null,
        null,
        null,
        null,
        null,
        null,
        null,
        null,
        null
      ],
      "/Users/Honzor/Desktop/PROGRAMMING/rails-projects/monterail_BE_junior_developer_rails_ticketing_system/ticketing_system/config/initializers/mime_types.rb": [
        null,
        null,
        null,
        null
      ],
      "/Users/Honzor/Desktop/PROGRAMMING/rails-projects/monterail_BE_junior_developer_rails_ticketing_system/ticketing_system/config/initializers/wrap_parameters.rb": [
        null,
        null,
        null,
        null,
        null,
        null,
        1,
        2,
        null,
        null,
        null,
        null,
        null,
        null
      ],
      "/Users/Honzor/Desktop/PROGRAMMING/rails-projects/monterail_BE_junior_developer_rails_ticketing_system/ticketing_system/config/routes.rb": [
        1,
        null,
        1,
        null,
        1,
        1,
        1,
        null,
        null,
        null,
        1,
        1,
        null,
        null
      ],
      "/Users/Honzor/Desktop/PROGRAMMING/rails-projects/monterail_BE_junior_developer_rails_ticketing_system/ticketing_system/app/helpers/application_helper.rb": [
        1,
        null
      ],
      "/Users/Honzor/Desktop/PROGRAMMING/rails-projects/monterail_BE_junior_developer_rails_ticketing_system/ticketing_system/app/controllers/adapters/payments/events_controller.rb": [
        1,
        1,
        null,
        1,
        null,
        1,
        1,
        1,
        1,
        null,
        null,
        1,
        1,
        1,
        1,
        null,
        null,
        1,
        0,
        0,
        0,
        null,
        0,
        0,
        null,
        null,
        null,
        null,
        null,
        null,
        null
      ],
      "/Users/Honzor/Desktop/PROGRAMMING/rails-projects/monterail_BE_junior_developer_rails_ticketing_system/ticketing_system/app/controllers/application_controller.rb": [
        1,
        null,
        1,
        0,
        null,
        1,
        null,
        1,
        null,
        1,
        0,
        null,
        0,
        0,
        null,
        null,
        null
      ],
      "/Users/Honzor/Desktop/PROGRAMMING/rails-projects/monterail_BE_junior_developer_rails_ticketing_system/ticketing_system/spec/models/event_spec.rb": [
        1,
        null,
        1,
        1,
        null,
        1,
        1,
        1,
        null,
        null,
        1,
        1,
        1,
        null,
        null,
        1,
        1,
        1,
        null,
        null,
        1,
        1,
        1,
        null,
        null,
        1,
        1,
        1,
        null,
        null,
        null,
        null,
        null
      ],
      "/Users/Honzor/Desktop/PROGRAMMING/rails-projects/monterail_BE_junior_developer_rails_ticketing_system/ticketing_system/app/models/event.rb": [
        1,
        null,
        1,
        null,
        1,
        1,
        null,
        1,
        1,
        1,
        null,
        null
      ],
      "/Users/Honzor/Desktop/PROGRAMMING/rails-projects/monterail_BE_junior_developer_rails_ticketing_system/ticketing_system/app/models/application_record.rb": [
        1,
        1,
        null
      ],
      "/Users/Honzor/Desktop/PROGRAMMING/rails-projects/monterail_BE_junior_developer_rails_ticketing_system/ticketing_system/app/models/ticket.rb": [
        1,
        null,
        1,
        1,
        1,
        null,
        null
      ]
    },
    "timestamp": 1569925350
  }
}
